[0m21:03:27.651516 [debug] [MainThread]: Sending event: {'category': 'dbt', 'action': 'invocation', 'label': 'start', 'context': [<snowplow_tracker.self_describing_json.SelfDescribingJson object at 0x000001AF3FDBD510>, <snowplow_tracker.self_describing_json.SelfDescribingJson object at 0x000001AF42FB9F00>, <snowplow_tracker.self_describing_json.SelfDescribingJson object at 0x000001AF42FB9CC0>]}


============================== 21:03:27.655633 | 8566984e-9fc4-4752-8d0e-dcc8f1244b12 ==============================
[0m21:03:27.655633 [info ] [MainThread]: Running with dbt=1.7.0
[0m21:03:27.659711 [debug] [MainThread]: running dbt with arguments {'printer_width': '80', 'indirect_selection': 'eager', 'write_json': 'True', 'log_cache_events': 'False', 'partial_parse': 'True', 'cache_selected_only': 'False', 'profiles_dir': 'C:\\Users\\Firew Ayele\\.dbt', 'version_check': 'True', 'fail_fast': 'False', 'log_path': 'logs', 'warn_error': 'None', 'debug': 'False', 'use_colors': 'True', 'use_experimental_parser': 'False', 'no_print': 'None', 'quiet': 'False', 'warn_error_options': 'WarnErrorOptions(include=[], exclude=[])', 'introspect': 'True', 'static_parser': 'True', 'invocation_command': 'dbt init dbt', 'target_path': 'None', 'log_format': 'default', 'send_anonymous_usage_stats': 'True'}
[0m21:03:46.075965 [debug] [MainThread]: Starter project path: C:\Users\Firew Ayele\AppData\Local\Programs\Python\Python310\lib\site-packages\dbt\include\starter_project
[0m21:03:46.106231 [info ] [MainThread]: 
Your new dbt project "dbt_file" was created!

For more information on how to configure the profiles.yml file,
please consult the dbt documentation here:

  https://docs.getdbt.com/docs/configure-your-profile

One more thing:

Need help? Don't hesitate to reach out to us via GitHub issues or on Slack:

  https://community.getdbt.com/

Happy modeling!

[0m21:03:46.112311 [info ] [MainThread]: Setting up your profile.
[0m21:04:13.656131 [info ] [MainThread]: Profile dbt_file written to C:\Users\Firew Ayele\.dbt\profiles.yml using target's sample configuration. Once updated, you'll be able to start developing with dbt.
[0m21:04:13.656131 [debug] [MainThread]: Command `dbt init` succeeded at 21:04:13.656131 after 46.02 seconds
[0m21:04:13.656131 [debug] [MainThread]: Sending event: {'category': 'dbt', 'action': 'invocation', 'label': 'end', 'context': [<snowplow_tracker.self_describing_json.SelfDescribingJson object at 0x000001AF3FDBD510>, <snowplow_tracker.self_describing_json.SelfDescribingJson object at 0x000001AF3BD1EAA0>, <snowplow_tracker.self_describing_json.SelfDescribingJson object at 0x000001AF43073130>]}
[0m21:04:13.664165 [debug] [MainThread]: Flushing usage events
[0m22:27:02.719534 [debug] [MainThread]: Sending event: {'category': 'dbt', 'action': 'invocation', 'label': 'start', 'context': [<snowplow_tracker.self_describing_json.SelfDescribingJson object at 0x000001FD1D54CE20>, <snowplow_tracker.self_describing_json.SelfDescribingJson object at 0x000001FD20787430>, <snowplow_tracker.self_describing_json.SelfDescribingJson object at 0x000001FD20787220>]}


============================== 22:27:02.722576 | 9e8cced1-5ba0-4007-b53b-1ac09c1df47e ==============================
[0m22:27:02.722576 [info ] [MainThread]: Running with dbt=1.7.0
[0m22:27:02.722576 [debug] [MainThread]: running dbt with arguments {'printer_width': '80', 'indirect_selection': 'eager', 'write_json': 'True', 'log_cache_events': 'False', 'partial_parse': 'True', 'cache_selected_only': 'False', 'profiles_dir': 'C:\\Users\\Firew Ayele\\.dbt', 'debug': 'False', 'version_check': 'True', 'log_path': 'logs', 'warn_error': 'None', 'fail_fast': 'False', 'use_colors': 'True', 'use_experimental_parser': 'False', 'no_print': 'None', 'quiet': 'False', 'log_format': 'default', 'invocation_command': 'dbt debug', 'introspect': 'True', 'static_parser': 'True', 'target_path': 'None', 'warn_error_options': 'WarnErrorOptions(include=[], exclude=[])', 'send_anonymous_usage_stats': 'True'}
[0m22:27:02.728150 [info ] [MainThread]: dbt version: 1.7.0
[0m22:27:02.728219 [info ] [MainThread]: python version: 3.10.6
[0m22:27:02.731402 [info ] [MainThread]: python path: C:\Users\Firew Ayele\AppData\Local\Programs\Python\Python310\python.exe
[0m22:27:02.733221 [info ] [MainThread]: os info: Windows-10-10.0.22631-SP0
[0m22:27:02.881319 [info ] [MainThread]: Using profiles dir at C:\Users\Firew Ayele\.dbt
[0m22:27:02.889873 [info ] [MainThread]: Using profiles.yml file at C:\Users\Firew Ayele\.dbt\profiles.yml
[0m22:27:02.890460 [info ] [MainThread]: Using dbt_project.yml file at C:\Users\Firew Ayele\Desktop\Data-warehouse_week2\dbt_project.yml
[0m22:27:02.892108 [info ] [MainThread]: adapter type: postgres
[0m22:27:02.892717 [info ] [MainThread]: adapter version: 1.7.0
[0m22:27:02.892717 [info ] [MainThread]: Configuration:
[0m22:27:02.895396 [info ] [MainThread]:   profiles.yml file [[32mOK found and valid[0m]
[0m22:27:02.896949 [info ] [MainThread]:   dbt_project.yml file [[31mERROR not found[0m]
[0m22:27:02.898088 [info ] [MainThread]: Required dependencies:
[0m22:27:02.899374 [debug] [MainThread]: Executing "git --help"
[0m22:27:02.955000 [debug] [MainThread]: STDOUT: "b"usage: git [-v | --version] [-h | --help] [-C <path>] [-c <name>=<value>]\n           [--exec-path[=<path>]] [--html-path] [--man-path] [--info-path]\n           [-p | --paginate | -P | --no-pager] [--no-replace-objects] [--bare]\n           [--git-dir=<path>] [--work-tree=<path>] [--namespace=<name>]\n           [--super-prefix=<path>] [--config-env=<name>=<envvar>]\n           <command> [<args>]\n\nThese are common Git commands used in various situations:\n\nstart a working area (see also: git help tutorial)\n   clone     Clone a repository into a new directory\n   init      Create an empty Git repository or reinitialize an existing one\n\nwork on the current change (see also: git help everyday)\n   add       Add file contents to the index\n   mv        Move or rename a file, a directory, or a symlink\n   restore   Restore working tree files\n   rm        Remove files from the working tree and from the index\n\nexamine the history and state (see also: git help revisions)\n   bisect    Use binary search to find the commit that introduced a bug\n   diff      Show changes between commits, commit and working tree, etc\n   grep      Print lines matching a pattern\n   log       Show commit logs\n   show      Show various types of objects\n   status    Show the working tree status\n\ngrow, mark and tweak your common history\n   branch    List, create, or delete branches\n   commit    Record changes to the repository\n   merge     Join two or more development histories together\n   rebase    Reapply commits on top of another base tip\n   reset     Reset current HEAD to the specified state\n   switch    Switch branches\n   tag       Create, list, delete or verify a tag object signed with GPG\n\ncollaborate (see also: git help workflows)\n   fetch     Download objects and refs from another repository\n   pull      Fetch from and integrate with another repository or a local branch\n   push      Update remote refs along with associated objects\n\n'git help -a' and 'git help -g' list available subcommands and some\nconcept guides. See 'git help <command>' or 'git help <concept>'\nto read about a specific subcommand or concept.\nSee 'git help git' for an overview of the system.\n""
[0m22:27:02.955508 [debug] [MainThread]: STDERR: "b''"
[0m22:27:02.955508 [info ] [MainThread]:  - git [[32mOK found[0m]

[0m22:27:02.955508 [info ] [MainThread]: Connection:
[0m22:27:02.955508 [info ] [MainThread]:   host: localhost
[0m22:27:02.961516 [info ] [MainThread]:   port: 5432
[0m22:27:02.961516 [info ] [MainThread]:   user: airflow
[0m22:27:02.965242 [info ] [MainThread]:   database: traffic_data
[0m22:27:02.966950 [info ] [MainThread]:   schema: public
[0m22:27:02.968537 [info ] [MainThread]:   connect_timeout: 10
[0m22:27:02.969046 [info ] [MainThread]:   role: None
[0m22:27:02.970339 [info ] [MainThread]:   search_path: None
[0m22:27:02.970339 [info ] [MainThread]:   keepalives_idle: 0
[0m22:27:02.970339 [info ] [MainThread]:   sslmode: None
[0m22:27:02.970339 [info ] [MainThread]:   sslcert: None
[0m22:27:02.970339 [info ] [MainThread]:   sslkey: None
[0m22:27:02.977348 [info ] [MainThread]:   sslrootcert: None
[0m22:27:02.977348 [info ] [MainThread]:   application_name: dbt
[0m22:27:02.977348 [info ] [MainThread]:   retries: 1
[0m22:27:02.977348 [info ] [MainThread]: Registered adapter: postgres=1.7.0
[0m22:27:02.982285 [debug] [MainThread]: Acquiring new postgres connection 'debug'
[0m22:27:02.982285 [debug] [MainThread]: Using postgres connection "debug"
[0m22:27:02.985835 [debug] [MainThread]: On debug: select 1 as id
[0m22:27:02.985835 [debug] [MainThread]: Opening a new connection, currently in state init
[0m22:27:03.166926 [debug] [MainThread]: Postgres adapter: Got a retryable error when attempting to open a postgres connection.
1 attempts remaining. Retrying in 0 seconds.
Error:
connection to server at "localhost" (::1), port 5432 failed: FATAL:  password authentication failed for user "airflow"

[0m22:27:03.224139 [debug] [MainThread]: Postgres adapter: Error running SQL: select 1 as id
[0m22:27:03.229963 [debug] [MainThread]: Postgres adapter: Rolling back transaction.
[0m22:27:03.230976 [debug] [MainThread]: On debug: No close available on handle
[0m22:27:03.231684 [info ] [MainThread]:   Connection test: [[31mERROR[0m]

[0m22:27:03.234140 [info ] [MainThread]: [31m2 checks failed:[0m
[0m22:27:03.234140 [info ] [MainThread]: Project loading failed for the following reason:
 project path <C:\Users\Firew Ayele\Desktop\Data-warehouse_week2\dbt_project.yml> not found

[0m22:27:03.237333 [info ] [MainThread]: dbt was unable to connect to the specified database.
The database returned the following error:

  >Database Error
  connection to server at "localhost" (::1), port 5432 failed: FATAL:  password authentication failed for user "airflow"
  

Check your database credentials and try again. For more information, visit:
https://docs.getdbt.com/docs/configure-your-profile


[0m22:27:03.241452 [debug] [MainThread]: Command `dbt debug` failed at 22:27:03.241452 after 0.59 seconds
[0m22:27:03.241452 [debug] [MainThread]: Connection 'debug' was properly closed.
[0m22:27:03.241452 [debug] [MainThread]: Sending event: {'category': 'dbt', 'action': 'invocation', 'label': 'end', 'context': [<snowplow_tracker.self_describing_json.SelfDescribingJson object at 0x000001FD1D54CE20>, <snowplow_tracker.self_describing_json.SelfDescribingJson object at 0x000001FD2085EC20>, <snowplow_tracker.self_describing_json.SelfDescribingJson object at 0x000001FD2085DE10>]}
[0m22:27:03.241452 [debug] [MainThread]: Flushing usage events
[0m22:29:15.602381 [debug] [MainThread]: Sending event: {'category': 'dbt', 'action': 'invocation', 'label': 'start', 'context': [<snowplow_tracker.self_describing_json.SelfDescribingJson object at 0x00000178A269A230>, <snowplow_tracker.self_describing_json.SelfDescribingJson object at 0x00000178A5A174C0>, <snowplow_tracker.self_describing_json.SelfDescribingJson object at 0x00000178A5A172B0>]}


============================== 22:29:15.606346 | 6a747eb4-31d8-4550-a1fe-3143ea0e7299 ==============================
[0m22:29:15.606346 [info ] [MainThread]: Running with dbt=1.7.0
[0m22:29:15.606346 [debug] [MainThread]: running dbt with arguments {'printer_width': '80', 'indirect_selection': 'eager', 'log_cache_events': 'False', 'write_json': 'True', 'partial_parse': 'True', 'cache_selected_only': 'False', 'warn_error': 'None', 'fail_fast': 'False', 'debug': 'False', 'log_path': 'logs', 'profiles_dir': 'C:\\Users\\Firew Ayele\\.dbt', 'version_check': 'True', 'use_colors': 'True', 'use_experimental_parser': 'False', 'no_print': 'None', 'quiet': 'False', 'log_format': 'default', 'static_parser': 'True', 'introspect': 'True', 'warn_error_options': 'WarnErrorOptions(include=[], exclude=[])', 'target_path': 'None', 'invocation_command': 'dbt debug', 'send_anonymous_usage_stats': 'True'}
[0m22:29:15.606346 [info ] [MainThread]: dbt version: 1.7.0
[0m22:29:15.606346 [info ] [MainThread]: python version: 3.10.6
[0m22:29:15.606346 [info ] [MainThread]: python path: C:\Users\Firew Ayele\AppData\Local\Programs\Python\Python310\python.exe
[0m22:29:15.606346 [info ] [MainThread]: os info: Windows-10-10.0.22631-SP0
[0m22:29:15.752036 [info ] [MainThread]: Using profiles dir at C:\Users\Firew Ayele\.dbt
[0m22:29:15.753470 [info ] [MainThread]: Using profiles.yml file at C:\Users\Firew Ayele\.dbt\profiles.yml
[0m22:29:15.753975 [info ] [MainThread]: Using dbt_project.yml file at C:\Users\Firew Ayele\Desktop\Data-warehouse_week2\dbt_project.yml
[0m22:29:15.756305 [info ] [MainThread]: adapter type: postgres
[0m22:29:15.756305 [info ] [MainThread]: adapter version: 1.7.0
[0m22:29:15.756305 [info ] [MainThread]: Configuration:
[0m22:29:15.759336 [info ] [MainThread]:   profiles.yml file [[32mOK found and valid[0m]
[0m22:29:15.760343 [info ] [MainThread]:   dbt_project.yml file [[31mERROR not found[0m]
[0m22:29:15.760343 [info ] [MainThread]: Required dependencies:
[0m22:29:15.760343 [debug] [MainThread]: Executing "git --help"
[0m22:29:15.811512 [debug] [MainThread]: STDOUT: "b"usage: git [-v | --version] [-h | --help] [-C <path>] [-c <name>=<value>]\n           [--exec-path[=<path>]] [--html-path] [--man-path] [--info-path]\n           [-p | --paginate | -P | --no-pager] [--no-replace-objects] [--bare]\n           [--git-dir=<path>] [--work-tree=<path>] [--namespace=<name>]\n           [--super-prefix=<path>] [--config-env=<name>=<envvar>]\n           <command> [<args>]\n\nThese are common Git commands used in various situations:\n\nstart a working area (see also: git help tutorial)\n   clone     Clone a repository into a new directory\n   init      Create an empty Git repository or reinitialize an existing one\n\nwork on the current change (see also: git help everyday)\n   add       Add file contents to the index\n   mv        Move or rename a file, a directory, or a symlink\n   restore   Restore working tree files\n   rm        Remove files from the working tree and from the index\n\nexamine the history and state (see also: git help revisions)\n   bisect    Use binary search to find the commit that introduced a bug\n   diff      Show changes between commits, commit and working tree, etc\n   grep      Print lines matching a pattern\n   log       Show commit logs\n   show      Show various types of objects\n   status    Show the working tree status\n\ngrow, mark and tweak your common history\n   branch    List, create, or delete branches\n   commit    Record changes to the repository\n   merge     Join two or more development histories together\n   rebase    Reapply commits on top of another base tip\n   reset     Reset current HEAD to the specified state\n   switch    Switch branches\n   tag       Create, list, delete or verify a tag object signed with GPG\n\ncollaborate (see also: git help workflows)\n   fetch     Download objects and refs from another repository\n   pull      Fetch from and integrate with another repository or a local branch\n   push      Update remote refs along with associated objects\n\n'git help -a' and 'git help -g' list available subcommands and some\nconcept guides. See 'git help <command>' or 'git help <concept>'\nto read about a specific subcommand or concept.\nSee 'git help git' for an overview of the system.\n""
[0m22:29:15.812787 [debug] [MainThread]: STDERR: "b''"
[0m22:29:15.812787 [info ] [MainThread]:  - git [[32mOK found[0m]

[0m22:29:15.812787 [info ] [MainThread]: Connection:
[0m22:29:15.816315 [info ] [MainThread]:   host: localhost
[0m22:29:15.817535 [info ] [MainThread]:   port: 5432
[0m22:29:15.817535 [info ] [MainThread]:   user: airflow
[0m22:29:15.817535 [info ] [MainThread]:   database: traffic_data
[0m22:29:15.817535 [info ] [MainThread]:   schema: public
[0m22:29:15.821754 [info ] [MainThread]:   connect_timeout: 10
[0m22:29:15.822836 [info ] [MainThread]:   role: None
[0m22:29:15.823348 [info ] [MainThread]:   search_path: None
[0m22:29:15.825008 [info ] [MainThread]:   keepalives_idle: 0
[0m22:29:15.826018 [info ] [MainThread]:   sslmode: None
[0m22:29:15.827771 [info ] [MainThread]:   sslcert: None
[0m22:29:15.827771 [info ] [MainThread]:   sslkey: None
[0m22:29:15.827771 [info ] [MainThread]:   sslrootcert: None
[0m22:29:15.827771 [info ] [MainThread]:   application_name: dbt
[0m22:29:15.827771 [info ] [MainThread]:   retries: 1
[0m22:29:15.834304 [info ] [MainThread]: Registered adapter: postgres=1.7.0
[0m22:29:15.834304 [debug] [MainThread]: Acquiring new postgres connection 'debug'
[0m22:29:15.834304 [debug] [MainThread]: Using postgres connection "debug"
[0m22:29:15.834304 [debug] [MainThread]: On debug: select 1 as id
[0m22:29:15.834304 [debug] [MainThread]: Opening a new connection, currently in state init
[0m22:29:15.883431 [debug] [MainThread]: Postgres adapter: Got a retryable error when attempting to open a postgres connection.
1 attempts remaining. Retrying in 0 seconds.
Error:
connection to server at "localhost" (::1), port 5432 failed: FATAL:  password authentication failed for user "airflow"

[0m22:29:15.932347 [debug] [MainThread]: Postgres adapter: Error running SQL: select 1 as id
[0m22:29:15.935778 [debug] [MainThread]: Postgres adapter: Rolling back transaction.
[0m22:29:15.936297 [debug] [MainThread]: On debug: No close available on handle
[0m22:29:15.937901 [info ] [MainThread]:   Connection test: [[31mERROR[0m]

[0m22:29:15.939050 [info ] [MainThread]: [31m2 checks failed:[0m
[0m22:29:15.940599 [info ] [MainThread]: Project loading failed for the following reason:
 project path <C:\Users\Firew Ayele\Desktop\Data-warehouse_week2\dbt_project.yml> not found

[0m22:29:15.940599 [info ] [MainThread]: dbt was unable to connect to the specified database.
The database returned the following error:

  >Database Error
  connection to server at "localhost" (::1), port 5432 failed: FATAL:  password authentication failed for user "airflow"
  

Check your database credentials and try again. For more information, visit:
https://docs.getdbt.com/docs/configure-your-profile


[0m22:29:15.945738 [debug] [MainThread]: Command `dbt debug` failed at 22:29:15.944113 after 0.41 seconds
[0m22:29:15.946289 [debug] [MainThread]: Connection 'debug' was properly closed.
[0m22:29:15.946289 [debug] [MainThread]: Sending event: {'category': 'dbt', 'action': 'invocation', 'label': 'end', 'context': [<snowplow_tracker.self_describing_json.SelfDescribingJson object at 0x00000178A269A230>, <snowplow_tracker.self_describing_json.SelfDescribingJson object at 0x00000178A5AE4040>, <snowplow_tracker.self_describing_json.SelfDescribingJson object at 0x00000178A5AE6860>]}
[0m22:29:15.947885 [debug] [MainThread]: Flushing usage events
[0m22:30:15.327429 [debug] [MainThread]: Sending event: {'category': 'dbt', 'action': 'invocation', 'label': 'start', 'context': [<snowplow_tracker.self_describing_json.SelfDescribingJson object at 0x000001E21379A230>, <snowplow_tracker.self_describing_json.SelfDescribingJson object at 0x000001E216AE74C0>, <snowplow_tracker.self_describing_json.SelfDescribingJson object at 0x000001E216AE72B0>]}


============================== 22:30:15.335410 | 8aad7e0b-04ab-4010-9e91-f94523252374 ==============================
[0m22:30:15.335410 [info ] [MainThread]: Running with dbt=1.7.0
[0m22:30:15.335410 [debug] [MainThread]: running dbt with arguments {'printer_width': '80', 'indirect_selection': 'eager', 'write_json': 'True', 'log_cache_events': 'False', 'partial_parse': 'True', 'cache_selected_only': 'False', 'warn_error': 'None', 'fail_fast': 'False', 'profiles_dir': 'C:\\Users\\Firew Ayele\\.dbt', 'log_path': 'logs', 'debug': 'False', 'version_check': 'True', 'use_colors': 'True', 'use_experimental_parser': 'False', 'no_print': 'None', 'quiet': 'False', 'log_format': 'default', 'introspect': 'True', 'invocation_command': 'dbt debug', 'warn_error_options': 'WarnErrorOptions(include=[], exclude=[])', 'target_path': 'None', 'static_parser': 'True', 'send_anonymous_usage_stats': 'True'}
[0m22:30:15.335410 [info ] [MainThread]: dbt version: 1.7.0
[0m22:30:15.341953 [info ] [MainThread]: python version: 3.10.6
[0m22:30:15.341953 [info ] [MainThread]: python path: C:\Users\Firew Ayele\AppData\Local\Programs\Python\Python310\python.exe
[0m22:30:15.343879 [info ] [MainThread]: os info: Windows-10-10.0.22631-SP0
[0m22:30:15.428710 [info ] [MainThread]: Using profiles dir at C:\Users\Firew Ayele\.dbt
[0m22:30:15.428710 [info ] [MainThread]: Using profiles.yml file at C:\Users\Firew Ayele\.dbt\profiles.yml
[0m22:30:15.433761 [info ] [MainThread]: Using dbt_project.yml file at C:\Users\Firew Ayele\Desktop\Data-warehouse_week2\dbt_project.yml
[0m22:30:15.435499 [info ] [MainThread]: Configuration:
[0m22:30:15.435499 [info ] [MainThread]:   profiles.yml file [[31mERROR invalid[0m]
[0m22:30:15.437479 [info ] [MainThread]:   dbt_project.yml file [[31mERROR not found[0m]
[0m22:30:15.438409 [info ] [MainThread]: Required dependencies:
[0m22:30:15.439752 [debug] [MainThread]: Executing "git --help"
[0m22:30:15.496199 [debug] [MainThread]: STDOUT: "b"usage: git [-v | --version] [-h | --help] [-C <path>] [-c <name>=<value>]\n           [--exec-path[=<path>]] [--html-path] [--man-path] [--info-path]\n           [-p | --paginate | -P | --no-pager] [--no-replace-objects] [--bare]\n           [--git-dir=<path>] [--work-tree=<path>] [--namespace=<name>]\n           [--super-prefix=<path>] [--config-env=<name>=<envvar>]\n           <command> [<args>]\n\nThese are common Git commands used in various situations:\n\nstart a working area (see also: git help tutorial)\n   clone     Clone a repository into a new directory\n   init      Create an empty Git repository or reinitialize an existing one\n\nwork on the current change (see also: git help everyday)\n   add       Add file contents to the index\n   mv        Move or rename a file, a directory, or a symlink\n   restore   Restore working tree files\n   rm        Remove files from the working tree and from the index\n\nexamine the history and state (see also: git help revisions)\n   bisect    Use binary search to find the commit that introduced a bug\n   diff      Show changes between commits, commit and working tree, etc\n   grep      Print lines matching a pattern\n   log       Show commit logs\n   show      Show various types of objects\n   status    Show the working tree status\n\ngrow, mark and tweak your common history\n   branch    List, create, or delete branches\n   commit    Record changes to the repository\n   merge     Join two or more development histories together\n   rebase    Reapply commits on top of another base tip\n   reset     Reset current HEAD to the specified state\n   switch    Switch branches\n   tag       Create, list, delete or verify a tag object signed with GPG\n\ncollaborate (see also: git help workflows)\n   fetch     Download objects and refs from another repository\n   pull      Fetch from and integrate with another repository or a local branch\n   push      Update remote refs along with associated objects\n\n'git help -a' and 'git help -g' list available subcommands and some\nconcept guides. See 'git help <command>' or 'git help <concept>'\nto read about a specific subcommand or concept.\nSee 'git help git' for an overview of the system.\n""
[0m22:30:15.496199 [debug] [MainThread]: STDERR: "b''"
[0m22:30:15.496199 [info ] [MainThread]:  - git [[32mOK found[0m]

[0m22:30:15.499214 [info ] [MainThread]: Connection test skipped since no profile was found
[0m22:30:15.499214 [info ] [MainThread]: [31m2 checks failed:[0m
[0m22:30:15.499214 [info ] [MainThread]: Could not load dbt_project.yml
Profile loading failed for the following reason:
Runtime Error
  Credentials in profile "dbt_file", target "dev" invalid: 1234 is not of type 'string'


[0m22:30:15.499214 [info ] [MainThread]: Project loading failed for the following reason:
 project path <C:\Users\Firew Ayele\Desktop\Data-warehouse_week2\dbt_project.yml> not found

[0m22:30:15.507232 [debug] [MainThread]: Command `dbt debug` failed at 22:30:15.499214 after 0.23 seconds
[0m22:30:15.507232 [debug] [MainThread]: Sending event: {'category': 'dbt', 'action': 'invocation', 'label': 'end', 'context': [<snowplow_tracker.self_describing_json.SelfDescribingJson object at 0x000001E21379A230>, <snowplow_tracker.self_describing_json.SelfDescribingJson object at 0x000001E216AE75E0>, <snowplow_tracker.self_describing_json.SelfDescribingJson object at 0x000001E216AE75B0>]}
[0m22:30:15.507232 [debug] [MainThread]: Flushing usage events
[0m22:25:34.815307 [debug] [MainThread]: Sending event: {'category': 'dbt', 'action': 'invocation', 'label': 'start', 'context': [<snowplow_tracker.self_describing_json.SelfDescribingJson object at 0x000002805FA4CE20>, <snowplow_tracker.self_describing_json.SelfDescribingJson object at 0x0000028062D17550>, <snowplow_tracker.self_describing_json.SelfDescribingJson object at 0x0000028062D17340>]}


============================== 22:25:34.822819 | 2df36734-ecb3-454a-9404-eafee199e183 ==============================
[0m22:25:34.822819 [info ] [MainThread]: Running with dbt=1.7.0
[0m22:25:34.827875 [debug] [MainThread]: running dbt with arguments {'printer_width': '80', 'indirect_selection': 'eager', 'write_json': 'True', 'log_cache_events': 'False', 'partial_parse': 'True', 'cache_selected_only': 'False', 'warn_error': 'None', 'fail_fast': 'False', 'profiles_dir': 'C:\\Users\\Firew Ayele\\.dbt', 'log_path': 'logs', 'version_check': 'True', 'debug': 'False', 'use_colors': 'True', 'use_experimental_parser': 'False', 'no_print': 'None', 'quiet': 'False', 'warn_error_options': 'WarnErrorOptions(include=[], exclude=[])', 'invocation_command': 'dbt run', 'introspect': 'True', 'log_format': 'default', 'target_path': 'None', 'static_parser': 'True', 'send_anonymous_usage_stats': 'True'}
[0m22:25:34.830892 [error] [MainThread]: Encountered an error:
Runtime Error
  No dbt_project.yml found at expected path C:\Users\Firew Ayele\Desktop\Data-warehouse_week2\dbt_project.yml
  Verify that each entry within packages.yml (and their transitive dependencies) contains a file named dbt_project.yml
  
[0m22:25:34.830892 [debug] [MainThread]: Command `dbt run` failed at 22:25:34.830892 after 0.15 seconds
[0m22:25:34.830892 [debug] [MainThread]: Sending event: {'category': 'dbt', 'action': 'invocation', 'label': 'end', 'context': [<snowplow_tracker.self_describing_json.SelfDescribingJson object at 0x000002805FA4CE20>, <snowplow_tracker.self_describing_json.SelfDescribingJson object at 0x0000028062D172B0>, <snowplow_tracker.self_describing_json.SelfDescribingJson object at 0x0000028062D175B0>]}
[0m22:25:34.838919 [debug] [MainThread]: Flushing usage events
